--------------------------------------------------------------------------------
Release 14.7 Trace  (nt64)
Copyright (c) 1995-2013 Xilinx, Inc.  All rights reserved.

C:\USBD\Xilinx\14.7\ISE_DS\ISE\bin\nt64\unwrapped\trce.exe -intstyle ise -v 3
-s 4 -n 3 -fastpaths -xml TAXI.twx TAXI.ncd -o TAXI.twr TAXI.pcf -ucf TAXI.ucf

Design file:              TAXI.ncd
Physical constraint file: TAXI.pcf
Device,package,speed:     xc3s200,pq208,-4 (PRODUCTION 1.39 2013-10-13)
Report level:             verbose report

Environment Variable      Effect 
--------------------      ------ 
NONE                      No environment variables were set
--------------------------------------------------------------------------------

INFO:Timing:2698 - No timing constraints found, doing default enumeration.
INFO:Timing:3412 - To improve timing, see the Timing Closure User Guide (UG612).
INFO:Timing:2752 - To get complete path coverage, use the unconstrained paths 
   option. All paths that are not constrained will be reported in the 
   unconstrained paths section(s) of the report.
INFO:Timing:3339 - The clock-to-out numbers in this timing report are based on 
   a 50 Ohm transmission line loading model.  For the details of this model, 
   and for more information on accounting for different loading conditions, 
   please see the device datasheet.
INFO:Timing:3390 - This architecture does not support a default System Jitter 
   value, please add SYSTEM_JITTER constraint to the UCF to modify the Clock 
   Uncertainty calculation.
INFO:Timing:3389 - This architecture does not support 'Discrete Jitter' and 
   'Phase Error' calculations, these terms will be zero in the Clock 
   Uncertainty calculation.  Please make appropriate modification to 
   SYSTEM_JITTER to account for the unsupported Discrete Jitter and Phase 
   Error.



Data Sheet report:
-----------------
All values displayed in nanoseconds (ns)

Clock RESET to Pad
------------+------------+------------------+--------+
            | clk (edge) |                  | Clock  |
Destination |   to PAD   |Internal Clock(s) | Phase  |
------------+------------+------------------+--------+
LCD_D<0>    |    9.546(F)|RESET_IBUF        |   0.000|
LCD_D<1>    |    9.546(F)|RESET_IBUF        |   0.000|
LCD_D<2>    |    9.546(F)|RESET_IBUF        |   0.000|
LCD_D<3>    |    9.546(F)|RESET_IBUF        |   0.000|
LCD_D<4>    |    9.545(F)|RESET_IBUF        |   0.000|
LCD_D<5>    |    9.546(F)|RESET_IBUF        |   0.000|
LCD_D<6>    |    9.546(F)|RESET_IBUF        |   0.000|
LCD_D<7>    |    9.545(F)|RESET_IBUF        |   0.000|
------------+------------+------------------+--------+

Clock to Setup on destination clock CLK
---------------+---------+---------+---------+---------+
               | Src:Rise| Src:Fall| Src:Rise| Src:Fall|
Source Clock   |Dest:Rise|Dest:Rise|Dest:Fall|Dest:Fall|
---------------+---------+---------+---------+---------+
CLK            |   23.399|    6.119|         |    4.879|
RESET          |    9.726|    9.726|         |         |
---------------+---------+---------+---------+---------+

Clock to Setup on destination clock RESET
---------------+---------+---------+---------+---------+
               | Src:Rise| Src:Fall| Src:Rise| Src:Fall|
Source Clock   |Dest:Rise|Dest:Rise|Dest:Fall|Dest:Fall|
---------------+---------+---------+---------+---------+
CLK            |         |         |    7.617|         |
---------------+---------+---------+---------+---------+


Analysis completed Thu Jun 15 20:40:37 2017 
--------------------------------------------------------------------------------

Trace Settings:
-------------------------
Trace Settings 

Peak Memory Usage: 178 MB



