
****** PlanAhead v14.7
  **** Build 321239 by xbuild on Fri Sep 27 19:31:35 MDT 2013
    ** Copyright 1986-1999, 2001-2013 Xilinx, Inc. All Rights Reserved.

INFO: [Common 17-78] Attempting to get a license: PlanAhead
INFO: [Common 17-290] Got license for PlanAhead
INFO: [Common 17-86] Your PlanAhead license expires in -829 day(s)
INFO: [Device 21-36] Loading parts and site information from C:/Xilinx/14.7/ISE_DS/PlanAhead/data/parts/arch.xml
Parsing RTL primitives file [C:/Xilinx/14.7/ISE_DS/PlanAhead/data/parts/xilinx/rtl/prims/rtl_prims.xml]
Finished parsing RTL primitives file [C:/Xilinx/14.7/ISE_DS/PlanAhead/data/parts/xilinx/rtl/prims/rtl_prims.xml]
start_gui
source D:/0606/17LDLab/TAXI/pa.fromHdl.tcl
# create_project -name TAXI -dir "D:/0606/17LDLab/TAXI/planAhead_run_2" -part xc3s200pq208-4
# set_param project.pinAheadLayout yes
# set srcset [get_property srcset [current_run -impl]]
# set_property target_constrs_file "TAXI.ucf" [current_fileset -constrset]
Adding file 'D:/0606/17LDLab/TAXI/TAXI.ucf' to fileset 'constrs_1'
# set hdlfile [add_files [list {SEG_DISPLAY.vhd}]]
# set_property file_type VHDL $hdlfile
# set_property library work $hdlfile
# set hdlfile [add_files [list {DATA_PROCESS.vhd}]]
# set_property file_type VHDL $hdlfile
# set_property library work $hdlfile
# set hdlfile [add_files [list {TAXI.vhd}]]
# set_property file_type VHDL $hdlfile
# set_property library work $hdlfile
# set_property top TAXI $srcset
# add_files [list {TAXI.ucf}] -fileset [get_property constrset [current_run]]
# open_rtl_design -part xc3s200pq208-4
Using Verific elaboration
Parsing VHDL file "C:/Xilinx/14.7/ISE_DS/PlanAhead/data/parts/xilinx/rtl/lib/synplify/synattr.vhd" into library synplify
Parsing VHDL file "C:/Xilinx/14.7/ISE_DS/PlanAhead/data/parts/xilinx/rtl/lib/synplify/synattr.vhd" into library synplify
Parsing VHDL file "D:/0606/17LDLab/TAXI/SEG_DISPLAY.vhd" into library work
Parsing VHDL file "D:/0606/17LDLab/TAXI/DATA_PROCESS.vhd" into library work
Parsing VHDL file "D:/0606/17LDLab/TAXI/TAXI.vhd" into library work
INFO: [Designutils 20-910] Reading macro library C:/Xilinx/14.7/ISE_DS/PlanAhead/data\./parts/xilinx/spartan3/hd_int_macros.edn
Parsing EDIF File [C:/Xilinx/14.7/ISE_DS/PlanAhead/data\./parts/xilinx/spartan3/hd_int_macros.edn]
Finished Parsing EDIF File [C:/Xilinx/14.7/ISE_DS/PlanAhead/data\./parts/xilinx/spartan3/hd_int_macros.edn]
Loading clock regions from C:/Xilinx/14.7/ISE_DS/PlanAhead/data\parts/xilinx/spartan3/spartan3/xc3s200/ClockRegion.xml
Loading clock buffers from C:/Xilinx/14.7/ISE_DS/PlanAhead/data\parts/xilinx/spartan3/spartan3/xc3s200/ClockBuffers.xml
Loading package from C:/Xilinx/14.7/ISE_DS/PlanAhead/data\parts/xilinx/spartan3/spartan3/xc3s200/pq208/Package.xml
Loading io standards from C:/Xilinx/14.7/ISE_DS/PlanAhead/data\./parts/xilinx/spartan3/IOStandards.xml
INFO: [Device 21-19] Loading pkg sso from C:/Xilinx/14.7/ISE_DS/PlanAhead/data\parts/xilinx/spartan3/spartan3/xc3s200/pq208/SSORules.xml
Loading list of drcs for the architecture : C:/Xilinx/14.7/ISE_DS/PlanAhead/data\./parts/xilinx/spartan3/drc.xml
INFO: [Timing 38-77] Reading timing library C:/Xilinx/14.7/ISE_DS/PlanAhead/data\parts/xilinx/spartan3/spartan3/spartan3-4.lib.
INFO: [Timing 38-34] Done reading timing library C:/Xilinx/14.7/ISE_DS/PlanAhead/data\parts/xilinx/spartan3/spartan3/spartan3-4.lib.
Parsing UCF File [D:/0606/17LDLab/TAXI/TAXI.ucf]
Finished Parsing UCF File [D:/0606/17LDLab/TAXI/TAXI.ucf]
INFO: [Project 1-111] Unisim Transformation Summary:
No Unisim elements were transformed.

Phase 0 | Netlist Checksum: 6a79f7cd
open_rtl_design: Time (s): elapsed = 00:00:06 . Memory (MB): peak = 473.383 ; gain = 55.523
update_compile_order -fileset sim_1
startgroup
set_property package_pin P79 [get_ports CLK]
endgroup
startgroup
set_property package_pin P205 [get_ports RESET]
endgroup
startgroup
set_property package_pin P31 [get_ports SEG_A]
endgroup
startgroup
set_property package_pin P33 [get_ports SEG_B]
endgroup
startgroup
set_property package_pin P34 [get_ports SEG_C]
endgroup
startgroup
set_property package_pin P35 [get_ports SEG_D]
endgroup
startgroup
set_property package_pin P36 [get_ports SEG_E]
endgroup
startgroup
set_property package_pin P37 [get_ports SEG_F]
endgroup
startgroup
set_property package_pin P39 [get_ports SEG_G]
endgroup
startgroup
set_property package_pin P48 [get_ports SEG_DP]
endgroup
startgroup
set_property package_pin P102 [get_ports SW1]
endgroup
startgroup
set_property package_pin P101 [get_ports SW2]
endgroup
startgroup
set_property package_pin P100 [get_ports SW3]
endgroup
set_property package_pin "" [get_ports [list  {DIGIT[2]}]]
startgroup
set_property package_pin P22 [get_ports {DIGIT[1]}]
endgroup
startgroup
set_property package_pin P24 [get_ports {DIGIT[2]}]
endgroup
startgroup
set_property package_pin P26 [get_ports {DIGIT[3]}]
endgroup
startgroup
set_property package_pin P27 [get_ports {DIGIT[4]}]
endgroup
startgroup
set_property package_pin P28 [get_ports {DIGIT[5]}]
endgroup
startgroup
set_property package_pin P29 [get_ports {DIGIT[6]}]
endgroup
save_constraints
exit
ERROR: [Common 17-39] 'stop_gui' failed due to earlier errors.
INFO: [Common 17-206] Exiting PlanAhead at Tue Jun 06 16:37:55 2017...
INFO: [Common 17-83] Releasing license: PlanAhead
